Arguments: 
  C:\Program Files\nodejs\node.exe C:\Users\danie\AppData\Roaming\npm\node_modules\yarn\bin\yarn.js add creat-vue

PATH: 
  C:\Python311\Scripts\;C:\Python311\;C:\Program Files\Common Files\Oracle\Java\javapath;C:\Program Files (x86)\Common Files\Oracle\Java\javapath;C:\Python310\Scripts\;C:\Python310\;C:\Windows\system32;C:\Windows;C:\Windows\System32\Wbem;C:\Windows\System32\WindowsPowerShell\v1.0\;C:\Windows\System32\OpenSSH\;C:\Program Files (x86)\NVIDIA Corporation\PhysX\Common;C:\Program Files\NVIDIA Corporation\NVIDIA NvDLISR;C:\Program Files\Git\cmd;C:\WINDOWS\system32;C:\WINDOWS;C:\WINDOWS\System32\Wbem;C:\WINDOWS\System32\WindowsPowerShell\v1.0\;C:\WINDOWS\System32\OpenSSH\;C:\ProgramData\chocolatey\bin;C:\Program Files\nodejs\;C:\Program Files\swipl\bin;C:\Program Files (x86)\BaseX\bin;C:\Users\danie\Documents\Tuks\Derde Jaar\2de Semester\COS326\Software\mongosh-2.0.1-win32-x64\bin;C:\xampp\php;C:\Users\danie\AppData\Local\Microsoft\WindowsApps;C:\Program Files\JetBrains\IntelliJ IDEA 2023.2\bin;;C:\Program Files\JetBrains\CLion 2022.2.3\bin;;C:\msys64\mingw64\bin;C:\Program Files (x86)\Java\jre1.8.0_361\bin;C:\Users\danie\AppData\Roaming\npm;C:\Users\danie\AppData\Local\Programs\Microsoft VS Code\bin

Yarn version: 
  1.22.19

Node version: 
  18.15.0

Platform: 
  win32 x64

Trace: 
  Error: https://registry.yarnpkg.com/creat-vue: Not found
      at params.callback [as _callback] (C:\Users\danie\AppData\Roaming\npm\node_modules\yarn\lib\cli.js:66145:18)
      at self.callback (C:\Users\danie\AppData\Roaming\npm\node_modules\yarn\lib\cli.js:140890:22)
      at Request.emit (node:events:513:28)
      at Request.<anonymous> (C:\Users\danie\AppData\Roaming\npm\node_modules\yarn\lib\cli.js:141862:10)
      at Request.emit (node:events:513:28)
      at IncomingMessage.<anonymous> (C:\Users\danie\AppData\Roaming\npm\node_modules\yarn\lib\cli.js:141784:12)
      at Object.onceWrapper (node:events:627:28)
      at IncomingMessage.emit (node:events:525:35)
      at endReadableNT (node:internal/streams/readable:1359:12)
      at process.processTicksAndRejections (node:internal/process/task_queues:82:21)

npm manifest: 
  {
    "dependencies": {
      "vue": "^3.4.14"
    }
  }

yarn manifest: 
  No manifest

Lockfile: 
  # THIS IS AN AUTOGENERATED FILE. DO NOT EDIT THIS FILE DIRECTLY.
  # yarn lockfile v1
  
  
  "@babel/parser@^7.23.6":
    version "7.23.6"
    resolved "https://registry.yarnpkg.com/@babel/parser/-/parser-7.23.6.tgz#ba1c9e512bda72a47e285ae42aff9d2a635a9e3b"
    integrity sha512-Z2uID7YJ7oNvAI20O9X0bblw7Qqs8Q2hFy0R9tAfnfLkp5MW0UH9eUvnDSnFwKZ0AvgS1ucqR4KzvVHgnke1VQ==
  
  "@jridgewell/sourcemap-codec@^1.4.15":
    version "1.4.15"
    resolved "https://registry.yarnpkg.com/@jridgewell/sourcemap-codec/-/sourcemap-codec-1.4.15.tgz#d7c6e6755c78567a951e04ab52ef0fd26de59f32"
    integrity sha512-eF2rxCRulEKXHTRiDrDy6erMYWqNw4LPdQ8UQA4huuxaQsVeRPFl2oM8oDGxMFhJUWZf9McpLtJasDDZb/Bpeg==
  
  "@vue/compiler-core@3.4.14":
    version "3.4.14"
    resolved "https://registry.yarnpkg.com/@vue/compiler-core/-/compiler-core-3.4.14.tgz#c3efdf3be8b0c4bf30830063d505c8c7945b6f0d"
    integrity sha512-ro4Zzl/MPdWs7XwxT7omHRxAjMbDFRZEEjD+2m3NBf8YzAe3HuoSEZosXQo+m1GQ1G3LQ1LdmNh1RKTYe+ssEg==
    dependencies:
      "@babel/parser" "^7.23.6"
      "@vue/shared" "3.4.14"
      entities "^4.5.0"
      estree-walker "^2.0.2"
      source-map-js "^1.0.2"
  
  "@vue/compiler-dom@3.4.14":
    version "3.4.14"
    resolved "https://registry.yarnpkg.com/@vue/compiler-dom/-/compiler-dom-3.4.14.tgz#ba7269996ef12a3b9293083ac109b52d14c9ccb5"
    integrity sha512-nOZTY+veWNa0DKAceNWxorAbWm0INHdQq7cejFaWM1WYnoNSJbSEKYtE7Ir6lR/+mo9fttZpPVI9ZFGJ1juUEQ==
    dependencies:
      "@vue/compiler-core" "3.4.14"
      "@vue/shared" "3.4.14"
  
  "@vue/compiler-sfc@3.4.14":
    version "3.4.14"
    resolved "https://registry.yarnpkg.com/@vue/compiler-sfc/-/compiler-sfc-3.4.14.tgz#d472b9be05f0f958911a8aad0826a12d92fdb82f"
    integrity sha512-1vHc9Kv1jV+YBZC/RJxQJ9JCxildTI+qrhtDh6tPkR1O8S+olBUekimY0km0ZNn8nG1wjtFAe9XHij+YLR8cRQ==
    dependencies:
      "@babel/parser" "^7.23.6"
      "@vue/compiler-core" "3.4.14"
      "@vue/compiler-dom" "3.4.14"
      "@vue/compiler-ssr" "3.4.14"
      "@vue/shared" "3.4.14"
      estree-walker "^2.0.2"
      magic-string "^0.30.5"
      postcss "^8.4.33"
      source-map-js "^1.0.2"
  
  "@vue/compiler-ssr@3.4.14":
    version "3.4.14"
    resolved "https://registry.yarnpkg.com/@vue/compiler-ssr/-/compiler-ssr-3.4.14.tgz#7de5a04267e036d18ad33768a78a780cab570305"
    integrity sha512-bXT6+oAGlFjTYVOTtFJ4l4Jab1wjsC0cfSfOe2B4Z0N2vD2zOBSQ9w694RsCfhjk+bC2DY5Gubb1rHZVii107Q==
    dependencies:
      "@vue/compiler-dom" "3.4.14"
      "@vue/shared" "3.4.14"
  
  "@vue/reactivity@3.4.14":
    version "3.4.14"
    resolved "https://registry.yarnpkg.com/@vue/reactivity/-/reactivity-3.4.14.tgz#3970f9b813101e7e8555359aaae3ea6819eb4450"
    integrity sha512-xRYwze5Q4tK7tT2J4uy4XLhK/AIXdU5EBUu9PLnIHcOKXO0uyXpNNMzlQKuq7B+zwtq6K2wuUL39pHA6ZQzObw==
    dependencies:
      "@vue/shared" "3.4.14"
  
  "@vue/runtime-core@3.4.14":
    version "3.4.14"
    resolved "https://registry.yarnpkg.com/@vue/runtime-core/-/runtime-core-3.4.14.tgz#bbb6317d2dfd5742711ae1c09132f219268f8598"
    integrity sha512-qu+NMkfujCoZL6cfqK5NOfxgXJROSlP2ZPs4CTcVR+mLrwl4TtycF5Tgo0QupkdBL+2kigc6EsJlTcuuZC1NaQ==
    dependencies:
      "@vue/reactivity" "3.4.14"
      "@vue/shared" "3.4.14"
  
  "@vue/runtime-dom@3.4.14":
    version "3.4.14"
    resolved "https://registry.yarnpkg.com/@vue/runtime-dom/-/runtime-dom-3.4.14.tgz#75181c69613d93d227d0e2081eab646b9d3871cc"
    integrity sha512-B85XmcR4E7XsirEHVqhmy4HPbRT9WLFWV9Uhie3OapV9m1MEN9+Er6hmUIE6d8/l2sUygpK9RstFM2bmHEUigA==
    dependencies:
      "@vue/runtime-core" "3.4.14"
      "@vue/shared" "3.4.14"
      csstype "^3.1.3"
  
  "@vue/server-renderer@3.4.14":
    version "3.4.14"
    resolved "https://registry.yarnpkg.com/@vue/server-renderer/-/server-renderer-3.4.14.tgz#efac363baed3a500a3309cce1138b368f92892a8"
    integrity sha512-pwSKXQfYdJBTpvWHGEYI+akDE18TXAiLcGn+Q/2Fj8wQSHWztoo7PSvfMNqu6NDhp309QXXbPFEGCU5p85HqkA==
    dependencies:
      "@vue/compiler-ssr" "3.4.14"
      "@vue/shared" "3.4.14"
  
  "@vue/shared@3.4.14":
    version "3.4.14"
    resolved "https://registry.yarnpkg.com/@vue/shared/-/shared-3.4.14.tgz#bc2d199a42a87f0349492fdfb83abc205ddd4d60"
    integrity sha512-nmi3BtLpvqXAWoRZ6HQ+pFJOHBU4UnH3vD3opgmwXac7vhaHKA9nj1VeGjMggdB9eLtW83eHyPCmOU1qzdsC7Q==
  
  csstype@^3.1.3:
    version "3.1.3"
    resolved "https://registry.yarnpkg.com/csstype/-/csstype-3.1.3.tgz#d80ff294d114fb0e6ac500fbf85b60137d7eff81"
    integrity sha512-M1uQkMl8rQK/szD0LNhtqxIPLpimGm8sOBwU7lLnCpSbTyY3yeU1Vc7l4KT5zT4s/yOxHH5O7tIuuLOCnLADRw==
  
  entities@^4.5.0:
    version "4.5.0"
    resolved "https://registry.yarnpkg.com/entities/-/entities-4.5.0.tgz#5d268ea5e7113ec74c4d033b79ea5a35a488fb48"
    integrity sha512-V0hjH4dGPh9Ao5p0MoRY6BVqtwCjhz6vI5LT8AJ55H+4g9/4vbHx1I54fS0XuclLhDHArPQCiMjDxjaL8fPxhw==
  
  estree-walker@^2.0.2:
    version "2.0.2"
    resolved "https://registry.yarnpkg.com/estree-walker/-/estree-walker-2.0.2.tgz#52f010178c2a4c117a7757cfe942adb7d2da4cac"
    integrity sha512-Rfkk/Mp/DL7JVje3u18FxFujQlTNR2q6QfMSMB7AvCBx91NGj/ba3kCfza0f6dVDbw7YlRf/nDrn7pQrCCyQ/w==
  
  magic-string@^0.30.5:
    version "0.30.5"
    resolved "https://registry.yarnpkg.com/magic-string/-/magic-string-0.30.5.tgz#1994d980bd1c8835dc6e78db7cbd4ae4f24746f9"
    integrity sha512-7xlpfBaQaP/T6Vh8MO/EqXSW5En6INHEvEXQiuff7Gku0PWjU3uf6w/j9o7O+SpB5fOAkrI5HeoNgwjEO0pFsA==
    dependencies:
      "@jridgewell/sourcemap-codec" "^1.4.15"
  
  nanoid@^3.3.7:
    version "3.3.7"
    resolved "https://registry.yarnpkg.com/nanoid/-/nanoid-3.3.7.tgz#d0c301a691bc8d54efa0a2226ccf3fe2fd656bd8"
    integrity sha512-eSRppjcPIatRIMC1U6UngP8XFcz8MQWGQdt1MTBQ7NaAmvXDfvNxbvWV3x2y6CdEUciCSsDHDQZbhYaB8QEo2g==
  
  picocolors@^1.0.0:
    version "1.0.0"
    resolved "https://registry.yarnpkg.com/picocolors/-/picocolors-1.0.0.tgz#cb5bdc74ff3f51892236eaf79d68bc44564ab81c"
    integrity sha512-1fygroTLlHu66zi26VoTDv8yRgm0Fccecssto+MhsZ0D/DGW2sm8E8AjW7NU5VVTRt5GxbeZ5qBuJr+HyLYkjQ==
  
  postcss@^8.4.33:
    version "8.4.33"
    resolved "https://registry.yarnpkg.com/postcss/-/postcss-8.4.33.tgz#1378e859c9f69bf6f638b990a0212f43e2aaa742"
    integrity sha512-Kkpbhhdjw2qQs2O2DGX+8m5OVqEcbB9HRBvuYM9pgrjEFUg30A9LmXNlTAUj4S9kgtGyrMbTzVjH7E+s5Re2yg==
    dependencies:
      nanoid "^3.3.7"
      picocolors "^1.0.0"
      source-map-js "^1.0.2"
  
  source-map-js@^1.0.2:
    version "1.0.2"
    resolved "https://registry.yarnpkg.com/source-map-js/-/source-map-js-1.0.2.tgz#adbc361d9c62df380125e7f161f71c826f1e490c"
    integrity sha512-R0XvVJ9WusLiqTCEiGCmICCMplcCkIwwR11mOSD9CR5u+IXYdiseeEuXCVAjS54zqwkLcPNnmU4OeJ6tUrWhDw==
  
  vue@^3.4.14:
    version "3.4.14"
    resolved "https://registry.yarnpkg.com/vue/-/vue-3.4.14.tgz#d7d3a3fe6b2e901e5b2ce583e11102c958ab87f2"
    integrity sha512-Rop5Al/ZcBbBz+KjPZaZDgHDX0kUP4duEzDbm+1o91uxYUNmJrZSBuegsNIJvUGy+epLevNRNhLjm08VKTgGyw==
    dependencies:
      "@vue/compiler-dom" "3.4.14"
      "@vue/compiler-sfc" "3.4.14"
      "@vue/runtime-dom" "3.4.14"
      "@vue/server-renderer" "3.4.14"
      "@vue/shared" "3.4.14"
